# JRE version: Java(TM) SE Runtime Environment (8.0_102-b14) (build 1.8.0_102-b14)
# Java VM: Java HotSpot(TM) 64-Bit Server VM (25.102-b14 mixed mode bsd-amd64 compressed oops)
Heap:
 PSYoungGen      total 55296K, used 9246K [0x00000007aab00000, 0x00000007afa00000, 0x00000007c0000000)
  eden space 44544K, 20% used [0x00000007aab00000,0x00000007ab3ef900,0x00000007ad680000)
  from space 10752K, 0% used [0x00000007ad680000,0x00000007ad698000,0x00000007ae100000)
  to   space 11264K, 0% used [0x00000007aef00000,0x00000007aef00000,0x00000007afa00000)
 ParOldGen       total 47104K, used 20912K [0x0000000780000000, 0x0000000782e00000, 0x00000007aab00000)
  object space 47104K, 44% used [0x0000000780000000,0x000000078146c228,0x0000000782e00000)
 Metaspace       used 22064K, capacity 22275K, committed 22656K, reserved 1069056K
  class space    used 2229K, capacity 2314K, committed 2432K, reserved 1048576K
GC Heap History (10 events):
Event: 7.021 GC heap before
{Heap before GC invocations=6 (full 1):
 PSYoungGen      total 18944K, used 2544K [0x00000007aab00000, 0x00000007ae000000, 0x00000007c0000000)
  eden space 16384K, 0% used [0x00000007aab00000,0x00000007aab00000,0x00000007abb00000)
  from space 2560K, 99% used [0x00000007abb00000,0x00000007abd7c030,0x00000007abd80000)
  to   space 10752K, 0% used [0x00000007ad580000,0x00000007ad580000,0x00000007ae000000)
 ParOldGen       total 44032K, used 18709K [0x0000000780000000, 0x0000000782b00000, 0x00000007aab00000)
  object space 44032K, 42% used [0x0000000780000000,0x0000000781245648,0x0000000782b00000)
 Metaspace       used 20908K, capacity 21119K, committed 21248K, reserved 1069056K
  class space    used 2184K, capacity 2278K, committed 2304K, reserved 1048576K
Event: 7.074 GC heap after
Heap after GC invocations=6 (full 1):
 PSYoungGen      total 18944K, used 0K [0x00000007aab00000, 0x00000007ae000000, 0x00000007c0000000)
  eden space 16384K, 0% used [0x00000007aab00000,0x00000007aab00000,0x00000007abb00000)
  from space 2560K, 0% used [0x00000007abb00000,0x00000007abb00000,0x00000007abd80000)
  to   space 10752K, 0% used [0x00000007ad580000,0x00000007ad580000,0x00000007ae000000)
 ParOldGen       total 47104K, used 18152K [0x0000000780000000, 0x0000000782e00000, 0x00000007aab00000)
  object space 47104K, 38% used [0x0000000780000000,0x00000007811ba038,0x0000000782e00000)
 Metaspace       used 20908K, capacity 21119K, committed 21248K, reserved 1069056K
  class space    used 2184K, capacity 2278K, committed 2304K, reserved 1048576K
}
Event: 11.774 GC heap before
{Heap before GC invocations=7 (full 1):
 PSYoungGen      total 18944K, used 16384K [0x00000007aab00000, 0x00000007ae000000, 0x00000007c0000000)
  eden space 16384K, 100% used [0x00000007aab00000,0x00000007abb00000,0x00000007abb00000)
  from space 2560K, 0% used [0x00000007abb00000,0x00000007abb00000,0x00000007abd80000)
  to   space 10752K, 0% used [0x00000007ad580000,0x00000007ad580000,0x00000007ae000000)
 ParOldGen       total 47104K, used 18152K [0x0000000780000000, 0x0000000782e00000, 0x00000007aab00000)
  object space 47104K, 38% used [0x0000000780000000,0x00000007811ba038,0x0000000782e00000)
 Metaspace       used 21768K, capacity 22003K, committed 22400K, reserved 1069056K
  class space    used 2216K, capacity 2312K, committed 2432K, reserved 1048576K
Event: 11.778 GC heap after
Heap after GC invocations=7 (full 1):
 PSYoungGen      total 35328K, used 2880K [0x00000007aab00000, 0x00000007adc80000, 0x00000007c0000000)
  eden space 28160K, 0% used [0x00000007aab00000,0x00000007aab00000,0x00000007ac680000)
  from space 7168K, 40% used [0x00000007ad580000,0x00000007ad8500f0,0x00000007adc80000)
  to   space 11264K, 0% used [0x00000007ac680000,0x00000007ac680000,0x00000007ad180000)
 ParOldGen       total 47104K, used 18160K [0x0000000780000000, 0x0000000782e00000, 0x00000007aab00000)
  object space 47104K, 38% used [0x0000000780000000,0x00000007811bc038,0x0000000782e00000)
 Metaspace       used 21768K, capacity 22003K, committed 22400K, reserved 1069056K
  class space    used 2216K, capacity 2312K, committed 2432K, reserved 1048576K
}
Event: 26.224 GC heap before
{Heap before GC invocations=8 (full 1):
 PSYoungGen      total 35328K, used 31040K [0x00000007aab00000, 0x00000007adc80000, 0x00000007c0000000)
  eden space 28160K, 100% used [0x00000007aab00000,0x00000007ac680000,0x00000007ac680000)
  from space 7168K, 40% used [0x00000007ad580000,0x00000007ad8500f0,0x00000007adc80000)
  to   space 11264K, 0% used [0x00000007ac680000,0x00000007ac680000,0x00000007ad180000)
 ParOldGen       total 47104K, used 18160K [0x0000000780000000, 0x0000000782e00000, 0x00000007aab00000)
  object space 47104K, 38% used [0x0000000780000000,0x00000007811bc038,0x0000000782e00000)
 Metaspace       used 21966K, capacity 22195K, committed 22400K, reserved 1069056K
  class space    used 2216K, capacity 2312K, committed 2432K, reserved 1048576K
Event: 26.227 GC heap after
Heap after GC invocations=8 (full 1):
 PSYoungGen      total 39424K, used 2800K [0x00000007aab00000, 0x00000007aee80000, 0x00000007c0000000)
  eden space 28160K, 0% used [0x00000007aab00000,0x00000007aab00000,0x00000007ac680000)
  from space 11264K, 24% used [0x00000007ac680000,0x00000007ac93c0e0,0x00000007ad180000)
  to   space 11264K, 0% used [0x00000007ae380000,0x00000007ae380000,0x00000007aee80000)
 ParOldGen       total 47104K, used 18168K [0x0000000780000000, 0x0000000782e00000, 0x00000007aab00000)
  object space 47104K, 38% used [0x0000000780000000,0x00000007811be038,0x0000000782e00000)
 Metaspace       used 21966K, capacity 22195K, committed 22400K, reserved 1069056K
  class space    used 2216K, capacity 2312K, committed 2432K, reserved 1048576K
}
Event: 40.996 GC heap before
{Heap before GC invocations=9 (full 1):
 PSYoungGen      total 39424K, used 30960K [0x00000007aab00000, 0x00000007aee80000, 0x00000007c0000000)
  eden space 28160K, 100% used [0x00000007aab00000,0x00000007ac680000,0x00000007ac680000)
  from space 11264K, 24% used [0x00000007ac680000,0x00000007ac93c0e0,0x00000007ad180000)
  to   space 11264K, 0% used [0x00000007ae380000,0x00000007ae380000,0x00000007aee80000)
 ParOldGen       total 47104K, used 18168K [0x0000000780000000, 0x0000000782e00000, 0x00000007aab00000)
  object space 47104K, 38% used [0x0000000780000000,0x00000007811be038,0x0000000782e00000)
 Metaspace       used 21967K, capacity 22195K, committed 22400K, reserved 1069056K
  class space    used 2216K, capacity 2312K, committed 2432K, reserved 1048576K
Event: 41.002 GC heap after
Heap after GC invocations=9 (full 1):
 PSYoungGen      total 52736K, used 2816K [0x00000007aab00000, 0x00000007aeb80000, 0x00000007c0000000)
  eden space 44544K, 0% used [0x00000007aab00000,0x00000007aab00000,0x00000007ad680000)
  from space 8192K, 34% used [0x00000007ae380000,0x00000007ae6400f0,0x00000007aeb80000)
  to   space 10752K, 0% used [0x00000007ad680000,0x00000007ad680000,0x00000007ae100000)
 ParOldGen       total 47104K, used 18176K [0x0000000780000000, 0x0000000782e00000, 0x00000007aab00000)
  object space 47104K, 38% used [0x0000000780000000,0x00000007811c0038,0x0000000782e00000)
 Metaspace       used 21967K, capacity 22195K, committed 22400K, reserved 1069056K
  class space    used 2216K, capacity 2312K, committed 2432K, reserved 1048576K
}
Event: 64.843 GC heap before
{Heap before GC invocations=10 (full 1):
 PSYoungGen      total 52736K, used 47360K [0x00000007aab00000, 0x00000007aeb80000, 0x00000007c0000000)
  eden space 44544K, 100% used [0x00000007aab00000,0x00000007ad680000,0x00000007ad680000)
  from space 8192K, 34% used [0x00000007ae380000,0x00000007ae6400f0,0x00000007aeb80000)
  to   space 10752K, 0% used [0x00000007ad680000,0x00000007ad680000,0x00000007ae100000)
 ParOldGen       total 47104K, used 18176K [0x0000000780000000, 0x0000000782e00000, 0x00000007aab00000)
  object space 47104K, 38% used [0x0000000780000000,0x00000007811c0038,0x0000000782e00000)
 Metaspace       used 21984K, capacity 22195K, committed 22400K, reserved 1069056K
  class space    used 2221K, capacity 2312K, committed 2432K, reserved 1048576K
Event: 64.847 GC heap after
Heap after GC invocations=10 (full 1):
 PSYoungGen      total 55296K, used 96K [0x00000007aab00000, 0x00000007afa00000, 0x00000007c0000000)
  eden space 44544K, 0% used [0x00000007aab00000,0x00000007aab00000,0x00000007ad680000)
  from space 10752K, 0% used [0x00000007ad680000,0x00000007ad698000,0x00000007ae100000)
  to   space 11264K, 0% used [0x00000007aef00000,0x00000007aef00000,0x00000007afa00000)
 ParOldGen       total 47104K, used 20912K [0x0000000780000000, 0x0000000782e00000, 0x00000007aab00000)
  object space 47104K, 44% used [0x0000000780000000,0x000000078146c228,0x0000000782e00000)
 Metaspace       used 21984K, capacity 22195K, committed 22400K, reserved 1069056K
  class space    used 2221K, capacity 2312K, committed 2432K, reserved 1048576K
}

