# JRE version: Java(TM) SE Runtime Environment (8.0_102-b14) (build 1.8.0_102-b14)
# Java VM: Java HotSpot(TM) 64-Bit Server VM (25.102-b14 mixed mode bsd-amd64 compressed oops)
Heap:
 PSYoungGen      total 38912K, used 11826K [0x00000007aab00000, 0x00000007aed80000, 0x00000007c0000000)
  eden space 28160K, 31% used [0x00000007aab00000,0x00000007ab3c8878,0x00000007ac680000)
  from space 10752K, 26% used [0x00000007ac680000,0x00000007ac9440e0,0x00000007ad100000)
  to   space 10752K, 0% used [0x00000007ae300000,0x00000007ae300000,0x00000007aed80000)
 ParOldGen       total 46592K, used 17955K [0x0000000780000000, 0x0000000782d80000, 0x00000007aab00000)
  object space 46592K, 38% used [0x0000000780000000,0x0000000781188e58,0x0000000782d80000)
 Metaspace       used 22105K, capacity 22339K, committed 22656K, reserved 1069056K
  class space    used 2232K, capacity 2314K, committed 2432K, reserved 1048576K
GC Heap History (10 events):
Event: 5.065 GC heap before
{Heap before GC invocations=4 (full 0):
 PSYoungGen      total 18944K, used 16578K [0x00000007aab00000, 0x00000007ac000000, 0x00000007c0000000)
  eden space 16384K, 85% used [0x00000007aab00000,0x00000007ab8b8890,0x00000007abb00000)
  from space 2560K, 98% used [0x00000007abb00000,0x00000007abd78020,0x00000007abd80000)
  to   space 2560K, 0% used [0x00000007abd80000,0x00000007abd80000,0x00000007ac000000)
 ParOldGen       total 44032K, used 5060K [0x0000000780000000, 0x0000000782b00000, 0x00000007aab00000)
  object space 44032K, 11% used [0x0000000780000000,0x00000007804f1358,0x0000000782b00000)
 Metaspace       used 20780K, capacity 21009K, committed 21248K, reserved 1069056K
  class space    used 2174K, capacity 2243K, committed 2304K, reserved 1048576K
Event: 5.077 GC heap after
Heap after GC invocations=4 (full 0):
 PSYoungGen      total 18944K, used 2560K [0x00000007aab00000, 0x00000007ad000000, 0x00000007c0000000)
  eden space 16384K, 0% used [0x00000007aab00000,0x00000007aab00000,0x00000007abb00000)
  from space 2560K, 100% used [0x00000007abd80000,0x00000007ac000000,0x00000007ac000000)
  to   space 2560K, 0% used [0x00000007abb00000,0x00000007abb00000,0x00000007abd80000)
 ParOldGen       total 44032K, used 14506K [0x0000000780000000, 0x0000000782b00000, 0x00000007aab00000)
  object space 44032K, 32% used [0x0000000780000000,0x0000000780e2ab38,0x0000000782b00000)
 Metaspace       used 20780K, capacity 21009K, committed 21248K, reserved 1069056K
  class space    used 2174K, capacity 2243K, committed 2304K, reserved 1048576K
}
Event: 5.144 GC heap before
{Heap before GC invocations=5 (full 0):
 PSYoungGen      total 18944K, used 7721K [0x00000007aab00000, 0x00000007ad000000, 0x00000007c0000000)
  eden space 16384K, 31% used [0x00000007aab00000,0x00000007ab00a730,0x00000007abb00000)
  from space 2560K, 100% used [0x00000007abd80000,0x00000007ac000000,0x00000007ac000000)
  to   space 2560K, 0% used [0x00000007abb00000,0x00000007abb00000,0x00000007abd80000)
 ParOldGen       total 44032K, used 14506K [0x0000000780000000, 0x0000000782b00000, 0x00000007aab00000)
  object space 44032K, 32% used [0x0000000780000000,0x0000000780e2ab38,0x0000000782b00000)
 Metaspace       used 20913K, capacity 21119K, committed 21248K, reserved 1069056K
  class space    used 2189K, capacity 2278K, committed 2304K, reserved 1048576K
Event: 5.151 GC heap after
Heap after GC invocations=5 (full 0):
 PSYoungGen      total 18944K, used 2528K [0x00000007aab00000, 0x00000007ae000000, 0x00000007c0000000)
  eden space 16384K, 0% used [0x00000007aab00000,0x00000007aab00000,0x00000007abb00000)
  from space 2560K, 98% used [0x00000007abb00000,0x00000007abd78020,0x00000007abd80000)
  to   space 10752K, 0% used [0x00000007ad580000,0x00000007ad580000,0x00000007ae000000)
 ParOldGen       total 44032K, used 18560K [0x0000000780000000, 0x0000000782b00000, 0x00000007aab00000)
  object space 44032K, 42% used [0x0000000780000000,0x00000007812201c8,0x0000000782b00000)
 Metaspace       used 20913K, capacity 21119K, committed 21248K, reserved 1069056K
  class space    used 2189K, capacity 2278K, committed 2304K, reserved 1048576K
}
Event: 5.151 GC heap before
{Heap before GC invocations=6 (full 1):
 PSYoungGen      total 18944K, used 2528K [0x00000007aab00000, 0x00000007ae000000, 0x00000007c0000000)
  eden space 16384K, 0% used [0x00000007aab00000,0x00000007aab00000,0x00000007abb00000)
  from space 2560K, 98% used [0x00000007abb00000,0x00000007abd78020,0x00000007abd80000)
  to   space 10752K, 0% used [0x00000007ad580000,0x00000007ad580000,0x00000007ae000000)
 ParOldGen       total 44032K, used 18560K [0x0000000780000000, 0x0000000782b00000, 0x00000007aab00000)
  object space 44032K, 42% used [0x0000000780000000,0x00000007812201c8,0x0000000782b00000)
 Metaspace       used 20913K, capacity 21119K, committed 21248K, reserved 1069056K
  class space    used 2189K, capacity 2278K, committed 2304K, reserved 1048576K
Event: 5.202 GC heap after
Heap after GC invocations=6 (full 1):
 PSYoungGen      total 18944K, used 0K [0x00000007aab00000, 0x00000007ae000000, 0x00000007c0000000)
  eden space 16384K, 0% used [0x00000007aab00000,0x00000007aab00000,0x00000007abb00000)
  from space 2560K, 0% used [0x00000007abb00000,0x00000007abb00000,0x00000007abd80000)
  to   space 10752K, 0% used [0x00000007ad580000,0x00000007ad580000,0x00000007ae000000)
 ParOldGen       total 46592K, used 17939K [0x0000000780000000, 0x0000000782d80000, 0x00000007aab00000)
  object space 46592K, 38% used [0x0000000780000000,0x0000000781184e58,0x0000000782d80000)
 Metaspace       used 20913K, capacity 21119K, committed 21248K, reserved 1069056K
  class space    used 2189K, capacity 2278K, committed 2304K, reserved 1048576K
}
Event: 9.991 GC heap before
{Heap before GC invocations=7 (full 1):
 PSYoungGen      total 18944K, used 16384K [0x00000007aab00000, 0x00000007ae000000, 0x00000007c0000000)
  eden space 16384K, 100% used [0x00000007aab00000,0x00000007abb00000,0x00000007abb00000)
  from space 2560K, 0% used [0x00000007abb00000,0x00000007abb00000,0x00000007abd80000)
  to   space 10752K, 0% used [0x00000007ad580000,0x00000007ad580000,0x00000007ae000000)
 ParOldGen       total 46592K, used 17939K [0x0000000780000000, 0x0000000782d80000, 0x00000007aab00000)
  object space 46592K, 38% used [0x0000000780000000,0x0000000781184e58,0x0000000782d80000)
 Metaspace       used 21800K, capacity 22019K, committed 22400K, reserved 1069056K
  class space    used 2222K, capacity 2314K, committed 2432K, reserved 1048576K
Event: 9.995 GC heap after
Heap after GC invocations=7 (full 1):
 PSYoungGen      total 34304K, used 2880K [0x00000007aab00000, 0x00000007adb80000, 0x00000007c0000000)
  eden space 28160K, 0% used [0x00000007aab00000,0x00000007aab00000,0x00000007ac680000)
  from space 6144K, 46% used [0x00000007ad580000,0x00000007ad8500f0,0x00000007adb80000)
  to   space 10752K, 0% used [0x00000007ac680000,0x00000007ac680000,0x00000007ad100000)
 ParOldGen       total 46592K, used 17947K [0x0000000780000000, 0x0000000782d80000, 0x00000007aab00000)
  object space 46592K, 38% used [0x0000000780000000,0x0000000781186e58,0x0000000782d80000)
 Metaspace       used 21800K, capacity 22019K, committed 22400K, reserved 1069056K
  class space    used 2222K, capacity 2314K, committed 2432K, reserved 1048576K
}
Event: 24.007 GC heap before
{Heap before GC invocations=8 (full 1):
 PSYoungGen      total 34304K, used 31040K [0x00000007aab00000, 0x00000007adb80000, 0x00000007c0000000)
  eden space 28160K, 100% used [0x00000007aab00000,0x00000007ac680000,0x00000007ac680000)
  from space 6144K, 46% used [0x00000007ad580000,0x00000007ad8500f0,0x00000007adb80000)
  to   space 10752K, 0% used [0x00000007ac680000,0x00000007ac680000,0x00000007ad100000)
 ParOldGen       total 46592K, used 17947K [0x0000000780000000, 0x0000000782d80000, 0x00000007aab00000)
  object space 46592K, 38% used [0x0000000780000000,0x0000000781186e58,0x0000000782d80000)
 Metaspace       used 22008K, capacity 22275K, committed 22656K, reserved 1069056K
  class space    used 2222K, capacity 2314K, committed 2432K, reserved 1048576K
Event: 24.011 GC heap after
Heap after GC invocations=8 (full 1):
 PSYoungGen      total 38912K, used 2832K [0x00000007aab00000, 0x00000007aed80000, 0x00000007c0000000)
  eden space 28160K, 0% used [0x00000007aab00000,0x00000007aab00000,0x00000007ac680000)
  from space 10752K, 26% used [0x00000007ac680000,0x00000007ac9440e0,0x00000007ad100000)
  to   space 10752K, 0% used [0x00000007ae300000,0x00000007ae300000,0x00000007aed80000)
 ParOldGen       total 46592K, used 17955K [0x0000000780000000, 0x0000000782d80000, 0x00000007aab00000)
  object space 46592K, 38% used [0x0000000780000000,0x0000000781188e58,0x0000000782d80000)
 Metaspace       used 22008K, capacity 22275K, committed 22656K, reserved 1069056K
  class space    used 2222K, capacity 2314K, committed 2432K, reserved 1048576K
}

