# JRE version: Java(TM) SE Runtime Environment (8.0_102-b14) (build 1.8.0_102-b14)
# Java VM: Java HotSpot(TM) 64-Bit Server VM (25.102-b14 mixed mode bsd-amd64 compressed oops)
Heap:
 PSYoungGen      total 52224K, used 12093K [0x00000007aab00000, 0x00000007af400000, 0x00000007c0000000)
  eden space 41472K, 21% used [0x00000007aab00000,0x00000007ab3d75b8,0x00000007ad380000)
  from space 10752K, 28% used [0x00000007ad380000,0x00000007ad678020,0x00000007ade00000)
  to   space 10752K, 0% used [0x00000007ae980000,0x00000007ae980000,0x00000007af400000)
 ParOldGen       total 48128K, used 20921K [0x0000000780000000, 0x0000000782f00000, 0x00000007aab00000)
  object space 48128K, 43% used [0x0000000780000000,0x000000078146e6a0,0x0000000782f00000)
 Metaspace       used 22820K, capacity 23107K, committed 23424K, reserved 1071104K
  class space    used 2316K, capacity 2418K, committed 2432K, reserved 1048576K
GC Heap History (10 events):
Event: 7.862 GC heap before
{Heap before GC invocations=6 (full 1):
 PSYoungGen      total 18944K, used 2544K [0x00000007aab00000, 0x00000007ae000000, 0x00000007c0000000)
  eden space 16384K, 0% used [0x00000007aab00000,0x00000007aab00000,0x00000007abb00000)
  from space 2560K, 99% used [0x00000007abb00000,0x00000007abd7c030,0x00000007abd80000)
  to   space 10752K, 0% used [0x00000007ad580000,0x00000007ad580000,0x00000007ae000000)
 ParOldGen       total 44032K, used 18746K [0x0000000780000000, 0x0000000782b00000, 0x00000007aab00000)
  object space 44032K, 42% used [0x0000000780000000,0x000000078124e8d0,0x0000000782b00000)
 Metaspace       used 20903K, capacity 21119K, committed 21248K, reserved 1069056K
  class space    used 2184K, capacity 2278K, committed 2304K, reserved 1048576K
Event: 7.913 GC heap after
Heap after GC invocations=6 (full 1):
 PSYoungGen      total 18944K, used 0K [0x00000007aab00000, 0x00000007ae000000, 0x00000007c0000000)
  eden space 16384K, 0% used [0x00000007aab00000,0x00000007aab00000,0x00000007abb00000)
  from space 2560K, 0% used [0x00000007abb00000,0x00000007abb00000,0x00000007abd80000)
  to   space 10752K, 0% used [0x00000007ad580000,0x00000007ad580000,0x00000007ae000000)
 ParOldGen       total 48128K, used 18153K [0x0000000780000000, 0x0000000782f00000, 0x00000007aab00000)
  object space 48128K, 37% used [0x0000000780000000,0x00000007811ba4a0,0x0000000782f00000)
 Metaspace       used 20903K, capacity 21119K, committed 21248K, reserved 1069056K
  class space    used 2184K, capacity 2278K, committed 2304K, reserved 1048576K
}
Event: 12.163 GC heap before
{Heap before GC invocations=7 (full 1):
 PSYoungGen      total 18944K, used 16384K [0x00000007aab00000, 0x00000007ae000000, 0x00000007c0000000)
  eden space 16384K, 100% used [0x00000007aab00000,0x00000007abb00000,0x00000007abb00000)
  from space 2560K, 0% used [0x00000007abb00000,0x00000007abb00000,0x00000007abd80000)
  to   space 10752K, 0% used [0x00000007ad580000,0x00000007ad580000,0x00000007ae000000)
 ParOldGen       total 48128K, used 18153K [0x0000000780000000, 0x0000000782f00000, 0x00000007aab00000)
  object space 48128K, 37% used [0x0000000780000000,0x00000007811ba4a0,0x0000000782f00000)
 Metaspace       used 21668K, capacity 21955K, committed 22144K, reserved 1069056K
  class space    used 2220K, capacity 2314K, committed 2432K, reserved 1048576K
Event: 12.166 GC heap after
Heap after GC invocations=7 (full 1):
 PSYoungGen      total 33280K, used 2864K [0x00000007aab00000, 0x00000007adb80000, 0x00000007c0000000)
  eden space 27136K, 0% used [0x00000007aab00000,0x00000007aab00000,0x00000007ac580000)
  from space 6144K, 46% used [0x00000007ad580000,0x00000007ad84c0e0,0x00000007adb80000)
  to   space 11264K, 0% used [0x00000007ac580000,0x00000007ac580000,0x00000007ad080000)
 ParOldGen       total 48128K, used 18161K [0x0000000780000000, 0x0000000782f00000, 0x00000007aab00000)
  object space 48128K, 37% used [0x0000000780000000,0x00000007811bc4a0,0x0000000782f00000)
 Metaspace       used 21668K, capacity 21955K, committed 22144K, reserved 1069056K
  class space    used 2220K, capacity 2314K, committed 2432K, reserved 1048576K
}
Event: 17.207 GC heap before
{Heap before GC invocations=8 (full 1):
 PSYoungGen      total 33280K, used 30000K [0x00000007aab00000, 0x00000007adb80000, 0x00000007c0000000)
  eden space 27136K, 100% used [0x00000007aab00000,0x00000007ac580000,0x00000007ac580000)
  from space 6144K, 46% used [0x00000007ad580000,0x00000007ad84c0e0,0x00000007adb80000)
  to   space 11264K, 0% used [0x00000007ac580000,0x00000007ac580000,0x00000007ad080000)
 ParOldGen       total 48128K, used 18161K [0x0000000780000000, 0x0000000782f00000, 0x00000007aab00000)
  object space 48128K, 37% used [0x0000000780000000,0x00000007811bc4a0,0x0000000782f00000)
 Metaspace       used 22115K, capacity 22345K, committed 22656K, reserved 1069056K
  class space    used 2220K, capacity 2315K, committed 2432K, reserved 1048576K
Event: 17.212 GC heap after
Heap after GC invocations=8 (full 1):
 PSYoungGen      total 38400K, used 3008K [0x00000007aab00000, 0x00000007aea80000, 0x00000007c0000000)
  eden space 27136K, 0% used [0x00000007aab00000,0x00000007aab00000,0x00000007ac580000)
  from space 11264K, 26% used [0x00000007ac580000,0x00000007ac8700f0,0x00000007ad080000)
  to   space 10752K, 0% used [0x00000007ae000000,0x00000007ae000000,0x00000007aea80000)
 ParOldGen       total 48128K, used 18169K [0x0000000780000000, 0x0000000782f00000, 0x00000007aab00000)
  object space 48128K, 37% used [0x0000000780000000,0x00000007811be4a0,0x0000000782f00000)
 Metaspace       used 22115K, capacity 22345K, committed 22656K, reserved 1069056K
  class space    used 2220K, capacity 2315K, committed 2432K, reserved 1048576K
}
Event: 28.924 GC heap before
{Heap before GC invocations=9 (full 1):
 PSYoungGen      total 38400K, used 30144K [0x00000007aab00000, 0x00000007aea80000, 0x00000007c0000000)
  eden space 27136K, 100% used [0x00000007aab00000,0x00000007ac580000,0x00000007ac580000)
  from space 11264K, 26% used [0x00000007ac580000,0x00000007ac8700f0,0x00000007ad080000)
  to   space 10752K, 0% used [0x00000007ae000000,0x00000007ae000000,0x00000007aea80000)
 ParOldGen       total 48128K, used 18169K [0x0000000780000000, 0x0000000782f00000, 0x00000007aab00000)
  object space 48128K, 37% used [0x0000000780000000,0x00000007811be4a0,0x0000000782f00000)
 Metaspace       used 22233K, capacity 22473K, committed 22656K, reserved 1069056K
  class space    used 2225K, capacity 2315K, committed 2432K, reserved 1048576K
Event: 28.928 GC heap after
Heap after GC invocations=9 (full 1):
 PSYoungGen      total 50176K, used 2912K [0x00000007aab00000, 0x00000007ae880000, 0x00000007c0000000)
  eden space 41472K, 0% used [0x00000007aab00000,0x00000007aab00000,0x00000007ad380000)
  from space 8704K, 33% used [0x00000007ae000000,0x00000007ae2d80d0,0x00000007ae880000)
  to   space 10752K, 0% used [0x00000007ad380000,0x00000007ad380000,0x00000007ade00000)
 ParOldGen       total 48128K, used 18177K [0x0000000780000000, 0x0000000782f00000, 0x00000007aab00000)
  object space 48128K, 37% used [0x0000000780000000,0x00000007811c04a0,0x0000000782f00000)
 Metaspace       used 22233K, capacity 22473K, committed 22656K, reserved 1069056K
  class space    used 2225K, capacity 2315K, committed 2432K, reserved 1048576K
}
Event: 49.677 GC heap before
{Heap before GC invocations=10 (full 1):
 PSYoungGen      total 50176K, used 44384K [0x00000007aab00000, 0x00000007ae880000, 0x00000007c0000000)
  eden space 41472K, 100% used [0x00000007aab00000,0x00000007ad380000,0x00000007ad380000)
  from space 8704K, 33% used [0x00000007ae000000,0x00000007ae2d80d0,0x00000007ae880000)
  to   space 10752K, 0% used [0x00000007ad380000,0x00000007ad380000,0x00000007ade00000)
 ParOldGen       total 48128K, used 18177K [0x0000000780000000, 0x0000000782f00000, 0x00000007aab00000)
  object space 48128K, 37% used [0x0000000780000000,0x00000007811c04a0,0x0000000782f00000)
 Metaspace       used 22778K, capacity 23011K, committed 23168K, reserved 1071104K
  class space    used 2309K, capacity 2386K, committed 2432K, reserved 1048576K
Event: 49.682 GC heap after
Heap after GC invocations=10 (full 1):
 PSYoungGen      total 52224K, used 3040K [0x00000007aab00000, 0x00000007af400000, 0x00000007c0000000)
  eden space 41472K, 0% used [0x00000007aab00000,0x00000007aab00000,0x00000007ad380000)
  from space 10752K, 28% used [0x00000007ad380000,0x00000007ad678020,0x00000007ade00000)
  to   space 10752K, 0% used [0x00000007ae980000,0x00000007ae980000,0x00000007af400000)
 ParOldGen       total 48128K, used 20921K [0x0000000780000000, 0x0000000782f00000, 0x00000007aab00000)
  object space 48128K, 43% used [0x0000000780000000,0x000000078146e6a0,0x0000000782f00000)
 Metaspace       used 22778K, capacity 23011K, committed 23168K, reserved 1071104K
  class space    used 2309K, capacity 2386K, committed 2432K, reserved 1048576K
}

