# JRE version: Java(TM) SE Runtime Environment (8.0_102-b14) (build 1.8.0_102-b14)
# Java VM: Java HotSpot(TM) 64-Bit Server VM (25.102-b14 mixed mode bsd-amd64 compressed oops)
Heap:
 PSYoungGen      total 20992K, used 19567K [0x00000007aab00000, 0x00000007ac080000, 0x00000007c0000000)
  eden space 20480K, 95% used [0x00000007aab00000,0x00000007abe03cb0,0x00000007abf00000)
  from space 512K, 18% used [0x00000007abf80000,0x00000007abf98000,0x00000007ac000000)
  to   space 512K, 0% used [0x00000007ac000000,0x00000007ac000000,0x00000007ac080000)
 ParOldGen       total 49664K, used 22061K [0x0000000780000000, 0x0000000783080000, 0x00000007aab00000)
  object space 49664K, 44% used [0x0000000780000000,0x000000078158b508,0x0000000783080000)
 Metaspace       used 22190K, capacity 22403K, committed 22656K, reserved 1069056K
  class space    used 2237K, capacity 2314K, committed 2432K, reserved 1048576K
GC Heap History (10 events):
Event: 3885.419 GC heap before
{Heap before GC invocations=314 (full 1):
 PSYoungGen      total 20992K, used 20576K [0x00000007aab00000, 0x00000007ac080000, 0x00000007c0000000)
  eden space 20480K, 100% used [0x00000007aab00000,0x00000007abf00000,0x00000007abf00000)
  from space 512K, 18% used [0x00000007ac000000,0x00000007ac018000,0x00000007ac080000)
  to   space 512K, 0% used [0x00000007abf80000,0x00000007abf80000,0x00000007ac000000)
 ParOldGen       total 49664K, used 22061K [0x0000000780000000, 0x0000000783080000, 0x00000007aab00000)
  object space 49664K, 44% used [0x0000000780000000,0x000000078158b508,0x0000000783080000)
 Metaspace       used 22125K, capacity 22339K, committed 22656K, reserved 1069056K
  class space    used 2230K, capacity 2314K, committed 2432K, reserved 1048576K
Event: 3885.421 GC heap after
Heap after GC invocations=314 (full 1):
 PSYoungGen      total 20992K, used 64K [0x00000007aab00000, 0x00000007ac080000, 0x00000007c0000000)
  eden space 20480K, 0% used [0x00000007aab00000,0x00000007aab00000,0x00000007abf00000)
  from space 512K, 12% used [0x00000007abf80000,0x00000007abf90000,0x00000007ac000000)
  to   space 512K, 0% used [0x00000007ac000000,0x00000007ac000000,0x00000007ac080000)
 ParOldGen       total 49664K, used 22061K [0x0000000780000000, 0x0000000783080000, 0x00000007aab00000)
  object space 49664K, 44% used [0x0000000780000000,0x000000078158b508,0x0000000783080000)
 Metaspace       used 22125K, capacity 22339K, committed 22656K, reserved 1069056K
  class space    used 2230K, capacity 2314K, committed 2432K, reserved 1048576K
}
Event: 3896.860 GC heap before
{Heap before GC invocations=315 (full 1):
 PSYoungGen      total 20992K, used 20544K [0x00000007aab00000, 0x00000007ac080000, 0x00000007c0000000)
  eden space 20480K, 100% used [0x00000007aab00000,0x00000007abf00000,0x00000007abf00000)
  from space 512K, 12% used [0x00000007abf80000,0x00000007abf90000,0x00000007ac000000)
  to   space 512K, 0% used [0x00000007ac000000,0x00000007ac000000,0x00000007ac080000)
 ParOldGen       total 49664K, used 22061K [0x0000000780000000, 0x0000000783080000, 0x00000007aab00000)
  object space 49664K, 44% used [0x0000000780000000,0x000000078158b508,0x0000000783080000)
 Metaspace       used 22125K, capacity 22339K, committed 22656K, reserved 1069056K
  class space    used 2230K, capacity 2314K, committed 2432K, reserved 1048576K
Event: 3896.861 GC heap after
Heap after GC invocations=315 (full 1):
 PSYoungGen      total 20992K, used 128K [0x00000007aab00000, 0x00000007ac080000, 0x00000007c0000000)
  eden space 20480K, 0% used [0x00000007aab00000,0x00000007aab00000,0x00000007abf00000)
  from space 512K, 25% used [0x00000007ac000000,0x00000007ac020000,0x00000007ac080000)
  to   space 512K, 0% used [0x00000007abf80000,0x00000007abf80000,0x00000007ac000000)
 ParOldGen       total 49664K, used 22061K [0x0000000780000000, 0x0000000783080000, 0x00000007aab00000)
  object space 49664K, 44% used [0x0000000780000000,0x000000078158b508,0x0000000783080000)
 Metaspace       used 22125K, capacity 22339K, committed 22656K, reserved 1069056K
  class space    used 2230K, capacity 2314K, committed 2432K, reserved 1048576K
}
Event: 3908.329 GC heap before
{Heap before GC invocations=316 (full 1):
 PSYoungGen      total 20992K, used 20608K [0x00000007aab00000, 0x00000007ac080000, 0x00000007c0000000)
  eden space 20480K, 100% used [0x00000007aab00000,0x00000007abf00000,0x00000007abf00000)
  from space 512K, 25% used [0x00000007ac000000,0x00000007ac020000,0x00000007ac080000)
  to   space 512K, 0% used [0x00000007abf80000,0x00000007abf80000,0x00000007ac000000)
 ParOldGen       total 49664K, used 22061K [0x0000000780000000, 0x0000000783080000, 0x00000007aab00000)
  object space 49664K, 44% used [0x0000000780000000,0x000000078158b508,0x0000000783080000)
 Metaspace       used 22125K, capacity 22339K, committed 22656K, reserved 1069056K
  class space    used 2230K, capacity 2314K, committed 2432K, reserved 1048576K
Event: 3908.332 GC heap after
Heap after GC invocations=316 (full 1):
 PSYoungGen      total 20992K, used 64K [0x00000007aab00000, 0x00000007ac080000, 0x00000007c0000000)
  eden space 20480K, 0% used [0x00000007aab00000,0x00000007aab00000,0x00000007abf00000)
  from space 512K, 12% used [0x00000007abf80000,0x00000007abf90000,0x00000007ac000000)
  to   space 512K, 0% used [0x00000007ac000000,0x00000007ac000000,0x00000007ac080000)
 ParOldGen       total 49664K, used 22061K [0x0000000780000000, 0x0000000783080000, 0x00000007aab00000)
  object space 49664K, 44% used [0x0000000780000000,0x000000078158b508,0x0000000783080000)
 Metaspace       used 22125K, capacity 22339K, committed 22656K, reserved 1069056K
  class space    used 2230K, capacity 2314K, committed 2432K, reserved 1048576K
}
Event: 3919.826 GC heap before
{Heap before GC invocations=317 (full 1):
 PSYoungGen      total 20992K, used 20544K [0x00000007aab00000, 0x00000007ac080000, 0x00000007c0000000)
  eden space 20480K, 100% used [0x00000007aab00000,0x00000007abf00000,0x00000007abf00000)
  from space 512K, 12% used [0x00000007abf80000,0x00000007abf90000,0x00000007ac000000)
  to   space 512K, 0% used [0x00000007ac000000,0x00000007ac000000,0x00000007ac080000)
 ParOldGen       total 49664K, used 22061K [0x0000000780000000, 0x0000000783080000, 0x00000007aab00000)
  object space 49664K, 44% used [0x0000000780000000,0x000000078158b508,0x0000000783080000)
 Metaspace       used 22125K, capacity 22339K, committed 22656K, reserved 1069056K
  class space    used 2230K, capacity 2314K, committed 2432K, reserved 1048576K
Event: 3919.828 GC heap after
Heap after GC invocations=317 (full 1):
 PSYoungGen      total 20992K, used 64K [0x00000007aab00000, 0x00000007ac080000, 0x00000007c0000000)
  eden space 20480K, 0% used [0x00000007aab00000,0x00000007aab00000,0x00000007abf00000)
  from space 512K, 12% used [0x00000007ac000000,0x00000007ac010000,0x00000007ac080000)
  to   space 512K, 0% used [0x00000007abf80000,0x00000007abf80000,0x00000007ac000000)
 ParOldGen       total 49664K, used 22061K [0x0000000780000000, 0x0000000783080000, 0x00000007aab00000)
  object space 49664K, 44% used [0x0000000780000000,0x000000078158b508,0x0000000783080000)
 Metaspace       used 22125K, capacity 22339K, committed 22656K, reserved 1069056K
  class space    used 2230K, capacity 2314K, committed 2432K, reserved 1048576K
}
Event: 3931.274 GC heap before
{Heap before GC invocations=318 (full 1):
 PSYoungGen      total 20992K, used 20544K [0x00000007aab00000, 0x00000007ac080000, 0x00000007c0000000)
  eden space 20480K, 100% used [0x00000007aab00000,0x00000007abf00000,0x00000007abf00000)
  from space 512K, 12% used [0x00000007ac000000,0x00000007ac010000,0x00000007ac080000)
  to   space 512K, 0% used [0x00000007abf80000,0x00000007abf80000,0x00000007ac000000)
 ParOldGen       total 49664K, used 22061K [0x0000000780000000, 0x0000000783080000, 0x00000007aab00000)
  object space 49664K, 44% used [0x0000000780000000,0x000000078158b508,0x0000000783080000)
 Metaspace       used 22125K, capacity 22339K, committed 22656K, reserved 1069056K
  class space    used 2230K, capacity 2314K, committed 2432K, reserved 1048576K
Event: 3931.277 GC heap after
Heap after GC invocations=318 (full 1):
 PSYoungGen      total 20992K, used 96K [0x00000007aab00000, 0x00000007ac080000, 0x00000007c0000000)
  eden space 20480K, 0% used [0x00000007aab00000,0x00000007aab00000,0x00000007abf00000)
  from space 512K, 18% used [0x00000007abf80000,0x00000007abf98000,0x00000007ac000000)
  to   space 512K, 0% used [0x00000007ac000000,0x00000007ac000000,0x00000007ac080000)
 ParOldGen       total 49664K, used 22061K [0x0000000780000000, 0x0000000783080000, 0x00000007aab00000)
  object space 49664K, 44% used [0x0000000780000000,0x000000078158b508,0x0000000783080000)
 Metaspace       used 22125K, capacity 22339K, committed 22656K, reserved 1069056K
  class space    used 2230K, capacity 2314K, committed 2432K, reserved 1048576K
}

